<?xml version="1.0" encoding="UTF-8"?>
<testsuite xmlns:xsi="http://www.w3.org/2001/XMLSchema-instance" xsi:noNamespaceSchemaLocation="https://maven.apache.org/surefire/maven-surefire-plugin/xsd/surefire-test-report-3.0.xsd" version="3.0" name="com.bunsen.rfidbasedattendancesystem.RfidBasedAttendanceSystemApplicationTests" time="44.607" tests="1" errors="0" skipped="0" failures="0">
  <properties>
[...]
</properties>
  <testcase name="contextLoads" classname="com.bunsen.rfidbasedattendancesystem.RfidBasedAttendanceSystemApplicationTests" time="2.137">
    <system-out><![CDATA[14:40:54.848 [main] INFO org.springframework.test.context.support.AnnotationConfigContextLoaderUtils -- Could not detect default configuration classes for test class [com.bunsen.rfidbasedattendancesystem.RfidBasedAttendanceSystemApplicationTests]: RfidBasedAttendanceSystemApplicationTests does not declare any static, non-private, non-final, nested classes annotated with @Configuration.
14:40:56.683 [main] INFO org.springframework.boot.test.context.SpringBootTestContextBootstrapper -- Found @SpringBootConfiguration com.bunsen.rfidbasedattendancesystem.Application for test class com.bunsen.rfidbasedattendancesystem.RfidBasedAttendanceSystemApplicationTests

  .   ____          _            __ _ _
 /\\ / ___'_ __ _ _(_)_ __  __ _ \ \ \ \
( ( )\___ | '_ | '_| | '_ \/ _` | \ \ \ \
 \\/  ___)| |_)| | | | | || (_| |  ) ) ) )
  '  |____| .__|_| |_|_| |_\__, | / / / /
 =========|_|==============|___/=/_/_/_/
 :: Spring Boot ::                (v3.2.0)

2023-12-15T14:41:05.341+02:00  INFO 12876 --- [           main] fidBasedAttendanceSystemApplicationTests : Starting RfidBasedAttendanceSystemApplicationTests using Java 20.0.1 with PID 12876 (started by willy in E:\Java\Spring\rfid-based-attendance-system-old)
2023-12-15T14:41:05.344+02:00  INFO 12876 --- [           main] fidBasedAttendanceSystemApplicationTests : No active profile set, falling back to 1 default profile: "default"
2023-12-15T14:41:14.615+02:00  INFO 12876 --- [           main] .s.d.r.c.RepositoryConfigurationDelegate : Bootstrapping Spring Data JPA repositories in DEFAULT mode.
2023-12-15T14:41:14.931+02:00  INFO 12876 --- [           main] .s.d.r.c.RepositoryConfigurationDelegate : Finished Spring Data repository scanning in 299 ms. Found 5 JPA repository interfaces.
2023-12-15T14:41:17.936+02:00  INFO 12876 --- [           main] o.hibernate.jpa.internal.util.LogHelper  : HHH000204: Processing PersistenceUnitInfo [name: default]
2023-12-15T14:41:18.193+02:00  INFO 12876 --- [           main] org.hibernate.Version                    : HHH000412: Hibernate ORM core version 6.3.1.Final
2023-12-15T14:41:18.322+02:00  INFO 12876 --- [           main] o.h.c.internal.RegionFactoryInitiator    : HHH000026: Second-level cache disabled
2023-12-15T14:41:19.242+02:00  INFO 12876 --- [           main] o.s.o.j.p.SpringPersistenceUnitInfo      : No LoadTimeWeaver setup: ignoring JPA class transformer
2023-12-15T14:41:19.346+02:00  INFO 12876 --- [           main] com.zaxxer.hikari.HikariDataSource       : HikariPool-1 - Starting...
2023-12-15T14:41:22.993+02:00  INFO 12876 --- [           main] com.zaxxer.hikari.pool.HikariPool        : HikariPool-1 - Added connection com.mysql.cj.jdbc.ConnectionImpl@49122853
2023-12-15T14:41:23.017+02:00  INFO 12876 --- [           main] com.zaxxer.hikari.HikariDataSource       : HikariPool-1 - Start completed.
2023-12-15T14:41:27.626+02:00  INFO 12876 --- [           main] o.h.e.t.j.p.i.JtaPlatformInitiator       : HHH000489: No JTA platform available (set 'hibernate.transaction.jta.platform' to enable JTA platform integration)
2023-12-15T14:41:28.313+02:00  INFO 12876 --- [           main] j.LocalContainerEntityManagerFactoryBean : Initialized JPA EntityManagerFactory for persistence unit 'default'
2023-12-15T14:41:29.569+02:00  INFO 12876 --- [           main] o.s.d.j.r.query.QueryEnhancerFactory     : Hibernate is in classpath; If applicable, HQL parser will be used.
2023-12-15T14:41:31.400+02:00  WARN 12876 --- [           main] JpaBaseConfiguration$JpaWebConfiguration : spring.jpa.open-in-view is enabled by default. Therefore, database queries may be performed during view rendering. Explicitly configure spring.jpa.open-in-view to disable this warning
2023-12-15T14:41:32.053+02:00  INFO 12876 --- [           main] o.s.b.a.w.s.WelcomePageHandlerMapping    : Adding welcome page template: index
2023-12-15T14:41:32.753+02:00  INFO 12876 --- [           main] o.s.s.web.DefaultSecurityFilterChain     : Will secure any request with [org.springframework.security.web.session.DisableEncodeUrlFilter@466a5b80, org.springframework.security.web.context.request.async.WebAsyncManagerIntegrationFilter@f6921b7, org.springframework.security.web.context.SecurityContextHolderFilter@37b04a2a, org.springframework.security.web.header.HeaderWriterFilter@38769b6c, org.springframework.web.filter.CorsFilter@19cee7ed, org.springframework.security.web.authentication.logout.LogoutFilter@70376c6, org.springframework.security.web.authentication.UsernamePasswordAuthenticationFilter@d436e51, org.springframework.security.web.savedrequest.RequestCacheAwareFilter@2ae92511, org.springframework.security.web.servletapi.SecurityContextHolderAwareRequestFilter@582ce329, org.springframework.security.web.authentication.AnonymousAuthenticationFilter@4e8e0052, org.springframework.security.web.access.ExceptionTranslationFilter@1ccdc8c8, org.springframework.security.web.access.intercept.AuthorizationFilter@c88a842]
2023-12-15T14:41:34.210+02:00  INFO 12876 --- [           main] fidBasedAttendanceSystemApplicationTests : Started RfidBasedAttendanceSystemApplicationTests in 32.251 seconds (process running for 45.912)
]]></system-out>
  </testcase>
</testsuite>